0 info it worked if it ends with ok
1 verbose cli [ 'node', '/usr/local/bin/npm', 'restart' ]
2 info using npm@1.4.3
3 info using node@v0.10.26
4 verbose run-script [ 'prerestart',
4 verbose run-script   'prestop',
4 verbose run-script   'stop',
4 verbose run-script   'poststop',
4 verbose run-script   'restart',
4 verbose run-script   'prestart',
4 verbose run-script   'start',
4 verbose run-script   'poststart',
4 verbose run-script   'postrestart' ]
5 info prerestart test3@0.0.1
6 info prestop test3@0.0.1
7 info stop test3@0.0.1
8 info poststop test3@0.0.1
9 info restart test3@0.0.1
10 info prestart test3@0.0.1
11 info start test3@0.0.1
12 verbose unsafe-perm in lifecycle true
13 info test3@0.0.1 Failed to exec start script
14 error test3@0.0.1 start: `node app.js`
14 error Exit status 8
15 error Failed at the test3@0.0.1 start script.
15 error This is most likely a problem with the test3 package,
15 error not with npm itself.
15 error Tell the author that this fails on your system:
15 error     node app.js
15 error You can get their info via:
15 error     npm owner ls test3
15 error There is likely additional logging output above.
16 error System Darwin 14.0.0
17 error command "node" "/usr/local/bin/npm" "restart"
18 error cwd /Users/christophepasquier/Sites/daylines
19 error node -v v0.10.26
20 error npm -v 1.4.3
21 error code ELIFECYCLE
22 verbose exit [ 1, true ]
